  Simplex.cpp
C:\Users\29592\Desktop\algorithm\management\Simplex\Simplex\Simplex_Model.h(380,23): warning C4018: '>=': signed/unsigned mismatch
C:\Users\29592\Desktop\algorithm\management\Simplex\Simplex\Simplex_Model.h(384,22): warning C4018: '>=': signed/unsigned mismatch
C:\Users\29592\Desktop\algorithm\management\Simplex\Simplex\Simplex_Model.h(1209,21): warning C4018: '<': signed/unsigned mismatch
C:\Users\29592\Desktop\algorithm\management\Simplex\Simplex\Simplex_Model.h(1332,21): warning C4018: '<': signed/unsigned mismatch
C:\Users\29592\Desktop\algorithm\management\Simplex\Simplex\Simplex_Model.h(1335,21): warning C4018: '<': signed/unsigned mismatch
C:\Users\29592\Desktop\algorithm\management\Simplex\Simplex\Simplex_Model.h(1342,21): warning C4018: '<': signed/unsigned mismatch
C:\Users\29592\Desktop\algorithm\management\Simplex\Simplex\Simplex_Model.h(1370,21): warning C4018: '<': signed/unsigned mismatch
C:\Users\29592\Desktop\algorithm\management\Simplex\Simplex\Simplex_Model.h(1371,22): warning C4018: '<': signed/unsigned mismatch
C:\Users\29592\Desktop\algorithm\management\Simplex\Simplex\Simplex_Model.h(1379,22): warning C4018: '<': signed/unsigned mismatch
C:\Users\29592\Desktop\algorithm\management\Simplex\Simplex\Simplex_Model.h(1404,21): warning C4018: '<': signed/unsigned mismatch
C:\Users\29592\Desktop\algorithm\management\Simplex\Simplex\Simplex_Model.h(1431,21): warning C4018: '<': signed/unsigned mismatch
C:\Users\29592\Desktop\algorithm\management\Simplex\Simplex\Simplex_Model.h(1475,22): warning C4018: '<': signed/unsigned mismatch
C:\Users\29592\Desktop\algorithm\management\Simplex\Simplex\Simplex_Model.h(1320,11): warning C4244: 'initializing': conversion from '_Ty' to 'int', possible loss of data
          with
          [
              _Ty=double
          ]
C:\Users\29592\Desktop\algorithm\management\Simplex\Simplex\Simplex_Model.h(1095): message : see reference to function template instantiation 'int Simplex_Model::find_vector_max_idx<double>(std::vector<double,std::allocator<double>>)' being compiled
C:\Users\29592\Desktop\algorithm\management\Simplex\Simplex\Simplex_Model.h(1324,14): warning C4244: '=': conversion from '_Ty' to 'int', possible loss of data
          with
          [
              _Ty=double
          ]
  Simplex_Model.cpp
C:\Users\29592\Desktop\algorithm\management\Simplex\Simplex\Simplex_Model.h(380,23): warning C4018: '>=': signed/unsigned mismatch
C:\Users\29592\Desktop\algorithm\management\Simplex\Simplex\Simplex_Model.h(384,22): warning C4018: '>=': signed/unsigned mismatch
C:\Users\29592\Desktop\algorithm\management\Simplex\Simplex\Simplex_Model.h(1209,21): warning C4018: '<': signed/unsigned mismatch
C:\Users\29592\Desktop\algorithm\management\Simplex\Simplex\Simplex_Model.h(1332,21): warning C4018: '<': signed/unsigned mismatch
C:\Users\29592\Desktop\algorithm\management\Simplex\Simplex\Simplex_Model.h(1335,21): warning C4018: '<': signed/unsigned mismatch
C:\Users\29592\Desktop\algorithm\management\Simplex\Simplex\Simplex_Model.h(1342,21): warning C4018: '<': signed/unsigned mismatch
C:\Users\29592\Desktop\algorithm\management\Simplex\Simplex\Simplex_Model.h(1370,21): warning C4018: '<': signed/unsigned mismatch
C:\Users\29592\Desktop\algorithm\management\Simplex\Simplex\Simplex_Model.h(1371,22): warning C4018: '<': signed/unsigned mismatch
C:\Users\29592\Desktop\algorithm\management\Simplex\Simplex\Simplex_Model.h(1379,22): warning C4018: '<': signed/unsigned mismatch
C:\Users\29592\Desktop\algorithm\management\Simplex\Simplex\Simplex_Model.h(1404,21): warning C4018: '<': signed/unsigned mismatch
C:\Users\29592\Desktop\algorithm\management\Simplex\Simplex\Simplex_Model.h(1431,21): warning C4018: '<': signed/unsigned mismatch
C:\Users\29592\Desktop\algorithm\management\Simplex\Simplex\Simplex_Model.h(1475,22): warning C4018: '<': signed/unsigned mismatch
C:\Users\29592\Desktop\algorithm\management\Simplex\Simplex\Simplex_Model.h(1320,11): warning C4244: 'initializing': conversion from '_Ty' to 'int', possible loss of data
          with
          [
              _Ty=double
          ]
C:\Users\29592\Desktop\algorithm\management\Simplex\Simplex\Simplex_Model.h(1095): message : see reference to function template instantiation 'int Simplex_Model::find_vector_max_idx<double>(std::vector<double,std::allocator<double>>)' being compiled
C:\Users\29592\Desktop\algorithm\management\Simplex\Simplex\Simplex_Model.h(1324,14): warning C4244: '=': conversion from '_Ty' to 'int', possible loss of data
          with
          [
              _Ty=double
          ]
  Generating Code...
  Simplex.vcxproj -> C:\Users\29592\Desktop\algorithm\management\Simplex\Debug\Simplex.exe
